C:\USERS\DANNY VAN DER MAST\DOCUMENTS\SCHOOL\BU\ADVANCED PHYSICS\PRACTICUM\CYCLONE-PHYSICS-MASTER\CYCLONE-PHYSICS-MASTER\BIN\EXPLOSION_D.EXE
C:\USERS\DANNY VAN DER MAST\DOCUMENTS\SCHOOL\BU\ADVANCED PHYSICS\PRACTICUM\CYCLONE-PHYSICS-MASTER\CYCLONE-PHYSICS-MASTER\BIN\EXPLOSION_D.ILK
C:\USERS\DANNY VAN DER MAST\DOCUMENTS\SCHOOL\BU\ADVANCED PHYSICS\PRACTICUM\CYCLONE-PHYSICS-MASTER\CYCLONE-PHYSICS-MASTER\TMP\EXPLOSION\DEBUG\APP.OBJ
C:\Users\Danny van der Mast\Documents\School\BU\Advanced Physics\Practicum\cyclone-physics-master\cyclone-physics-master\tmp\explosion\Debug\cl.command.1.tlog
C:\Users\Danny van der Mast\Documents\School\BU\Advanced Physics\Practicum\cyclone-physics-master\cyclone-physics-master\tmp\explosion\Debug\CL.read.1.tlog
C:\Users\Danny van der Mast\Documents\School\BU\Advanced Physics\Practicum\cyclone-physics-master\cyclone-physics-master\tmp\explosion\Debug\CL.write.1.tlog
C:\USERS\DANNY VAN DER MAST\DOCUMENTS\SCHOOL\BU\ADVANCED PHYSICS\PRACTICUM\CYCLONE-PHYSICS-MASTER\CYCLONE-PHYSICS-MASTER\TMP\EXPLOSION\DEBUG\DEMO_EXPLOSION.EXE.EMBED.MANIFEST
C:\USERS\DANNY VAN DER MAST\DOCUMENTS\SCHOOL\BU\ADVANCED PHYSICS\PRACTICUM\CYCLONE-PHYSICS-MASTER\CYCLONE-PHYSICS-MASTER\TMP\EXPLOSION\DEBUG\DEMO_EXPLOSION.EXE.EMBED.MANIFEST.RES
C:\USERS\DANNY VAN DER MAST\DOCUMENTS\SCHOOL\BU\ADVANCED PHYSICS\PRACTICUM\CYCLONE-PHYSICS-MASTER\CYCLONE-PHYSICS-MASTER\TMP\EXPLOSION\DEBUG\DEMO_EXPLOSION.EXE.INTERMEDIATE.MANIFEST
C:\Users\Danny van der Mast\Documents\School\BU\Advanced Physics\Practicum\cyclone-physics-master\cyclone-physics-master\tmp\explosion\Debug\demo_explosion.write.1.tlog
C:\Users\Danny van der Mast\Documents\School\BU\Advanced Physics\Practicum\cyclone-physics-master\cyclone-physics-master\tmp\explosion\Debug\demo_explosion_manifest.rc
C:\USERS\DANNY VAN DER MAST\DOCUMENTS\SCHOOL\BU\ADVANCED PHYSICS\PRACTICUM\CYCLONE-PHYSICS-MASTER\CYCLONE-PHYSICS-MASTER\TMP\EXPLOSION\DEBUG\EXPLOSION.OBJ
C:\USERS\DANNY VAN DER MAST\DOCUMENTS\SCHOOL\BU\ADVANCED PHYSICS\PRACTICUM\CYCLONE-PHYSICS-MASTER\CYCLONE-PHYSICS-MASTER\TMP\EXPLOSION\DEBUG\EXPLOSION.PDB
C:\Users\Danny van der Mast\Documents\School\BU\Advanced Physics\Practicum\cyclone-physics-master\cyclone-physics-master\tmp\explosion\Debug\link.836.read.1.tlog
C:\Users\Danny van der Mast\Documents\School\BU\Advanced Physics\Practicum\cyclone-physics-master\cyclone-physics-master\tmp\explosion\Debug\link.836.write.1.tlog
C:\Users\Danny van der Mast\Documents\School\BU\Advanced Physics\Practicum\cyclone-physics-master\cyclone-physics-master\tmp\explosion\Debug\link.836-cvtres.read.1.tlog
C:\Users\Danny van der Mast\Documents\School\BU\Advanced Physics\Practicum\cyclone-physics-master\cyclone-physics-master\tmp\explosion\Debug\link.836-cvtres.write.1.tlog
C:\Users\Danny van der Mast\Documents\School\BU\Advanced Physics\Practicum\cyclone-physics-master\cyclone-physics-master\tmp\explosion\Debug\link.command.1.tlog
C:\Users\Danny van der Mast\Documents\School\BU\Advanced Physics\Practicum\cyclone-physics-master\cyclone-physics-master\tmp\explosion\Debug\link.read.1.tlog
C:\Users\Danny van der Mast\Documents\School\BU\Advanced Physics\Practicum\cyclone-physics-master\cyclone-physics-master\tmp\explosion\Debug\link.write.1.tlog
C:\Users\Danny van der Mast\Documents\School\BU\Advanced Physics\Practicum\cyclone-physics-master\cyclone-physics-master\tmp\explosion\Debug\link-cvtres.read.1.tlog
C:\Users\Danny van der Mast\Documents\School\BU\Advanced Physics\Practicum\cyclone-physics-master\cyclone-physics-master\tmp\explosion\Debug\link-cvtres.write.1.tlog
C:\USERS\DANNY VAN DER MAST\DOCUMENTS\SCHOOL\BU\ADVANCED PHYSICS\PRACTICUM\CYCLONE-PHYSICS-MASTER\CYCLONE-PHYSICS-MASTER\TMP\EXPLOSION\DEBUG\MAIN1.OBJ
C:\Users\Danny van der Mast\Documents\School\BU\Advanced Physics\Practicum\cyclone-physics-master\cyclone-physics-master\tmp\explosion\Debug\mt.command.1.tlog
C:\Users\Danny van der Mast\Documents\School\BU\Advanced Physics\Practicum\cyclone-physics-master\cyclone-physics-master\tmp\explosion\Debug\mt.read.1.tlog
C:\Users\Danny van der Mast\Documents\School\BU\Advanced Physics\Practicum\cyclone-physics-master\cyclone-physics-master\tmp\explosion\Debug\mt.write.1.tlog
C:\Users\Danny van der Mast\Documents\School\BU\Advanced Physics\Practicum\cyclone-physics-master\cyclone-physics-master\tmp\explosion\Debug\rc.command.1.tlog
C:\Users\Danny van der Mast\Documents\School\BU\Advanced Physics\Practicum\cyclone-physics-master\cyclone-physics-master\tmp\explosion\Debug\rc.read.1.tlog
C:\Users\Danny van der Mast\Documents\School\BU\Advanced Physics\Practicum\cyclone-physics-master\cyclone-physics-master\tmp\explosion\Debug\rc.write.1.tlog
C:\USERS\DANNY VAN DER MAST\DOCUMENTS\SCHOOL\BU\ADVANCED PHYSICS\PRACTICUM\CYCLONE-PHYSICS-MASTER\CYCLONE-PHYSICS-MASTER\TMP\EXPLOSION\DEBUG\TIMING.OBJ
C:\Users\Danny van der Mast\Documents\School\BU\Advanced Physics\Practicum\cyclone-physics-master\cyclone-physics-master\tmp\explosion\Debug\vc100.idb
C:\USERS\DANNY VAN DER MAST\DOCUMENTS\SCHOOL\BU\ADVANCED PHYSICS\PRACTICUM\CYCLONE-PHYSICS-MASTER\CYCLONE-PHYSICS-MASTER\TMP\EXPLOSION\DEBUG\VC100.PDB
