Build started 2/11/2013 10:49:15 AM.
     1>Project "C:\Users\Danny van der Mast\Documents\School\BU\Advanced Physics\Practicum\cyclone-physics-master\cyclone-physics-master\build\demo_explosion_vc8.vcxproj" on node 3 (rebuild target(s)).
     1>_PrepareForClean:
         Deleting file "..\tmp\explosion\Debug\demo_explosion.lastbuildstate".
       InitializeBuildStatus:
         Creating "..\tmp\explosion\Debug\demo_explosion.unsuccessfulbuild" because "AlwaysCreate" was specified.
       ClCompile:
         C:\Program Files (x86)\Microsoft Visual Studio 10.0\VC\bin\CL.exe /c /I..\include /Zi /nologo /W3 /WX- /Od /Oy- /D WIN32 /D _DEBUG /D _CONSOLE /D _VC80_UPGRADE=0x0710 /D _MBCS /Gm /EHsc /RTC1 /MTd /GS /fp:precise /Zc:wchar_t /Zc:forScope /Fo"..\tmp\explosion\Debug\\" /Fd"..\tmp\explosion\Debug\vc100.pdb" /Gd /TP /analyze- /errorReport:prompt ..\src\demos\explosion\explosion.cpp ..\src\demos\app.cpp ..\src\demos\timing.cpp
         timing.cpp
         app.cpp
         explosion.cpp
         Generating Code...
         C:\Program Files (x86)\Microsoft Visual Studio 10.0\VC\bin\CL.exe /c /I..\include /Zi /nologo /W3 /WX- /Od /Oy- /D WIN32 /D _DEBUG /D _CONSOLE /D _VC80_UPGRADE=0x0710 /D _MBCS /Gm /EHsc /RTC1 /MTd /GS /fp:precise /Zc:wchar_t /Zc:forScope /Fo"..\tmp\explosion\Debug\main1.obj" /Fd"..\tmp\explosion\Debug\vc100.pdb" /Gd /TP /analyze- /errorReport:prompt ..\src\demos\main.cpp
         main.cpp
       ManifestResourceCompile:
         C:\Program Files (x86)\Microsoft SDKs\Windows\v7.0A\bin\rc.exe /nologo /fo"..\tmp\explosion\Debug\demo_explosion.exe.embed.manifest.res" ..\tmp\explosion\Debug\demo_explosion_manifest.rc 
     1>C:\Program Files (x86)\MSBuild\Microsoft.Cpp\v4.0\Microsoft.CppBuild.targets(990,5): warning MSB8012: TargetPath(C:\Users\Danny van der Mast\Documents\School\BU\Advanced Physics\Practicum\cyclone-physics-master\cyclone-physics-master\build\..\bin\demo_explosion.exe) does not match the Linker's OutputFile property value (C:\Users\Danny van der Mast\Documents\School\BU\Advanced Physics\Practicum\cyclone-physics-master\cyclone-physics-master\bin\explosion_d.exe). This may cause your project to build incorrectly. To correct this, please make sure that $(OutDir), $(TargetName) and $(TargetExt) property values match the value specified in %(Link.OutputFile).
     1>C:\Program Files (x86)\MSBuild\Microsoft.Cpp\v4.0\Microsoft.CppBuild.targets(992,5): warning MSB8012: TargetName(demo_explosion) does not match the Linker's OutputFile property value (explosion_d). This may cause your project to build incorrectly. To correct this, please make sure that $(OutDir), $(TargetName) and $(TargetExt) property values match the value specified in %(Link.OutputFile).
       Link:
         C:\Program Files (x86)\Microsoft Visual Studio 10.0\VC\bin\link.exe /ERRORREPORT:PROMPT /OUT:"..\bin\explosion_d.exe" /INCREMENTAL /NOLOGO /LIBPATH:../lib cyclone_d.lib opengl32.lib glu32.lib glut32.lib winmm.lib kernel32.lib user32.lib gdi32.lib winspool.lib comdlg32.lib advapi32.lib shell32.lib ole32.lib oleaut32.lib uuid.lib odbc32.lib odbccp32.lib /MANIFEST /ManifestFile:"..\tmp\explosion\Debug\demo_explosion.exe.intermediate.manifest" /MANIFESTUAC:"level='asInvoker' uiAccess='false'" /DEBUG /PDB:"..\tmp\explosion\Debug/explosion.pdb" /SUBSYSTEM:CONSOLE /TLBID:1 /DYNAMICBASE /NXCOMPAT /IMPLIB:"..\bin\demo_explosion.lib" /MACHINE:X86 ..\tmp\explosion\Debug\demo_explosion.exe.embed.manifest.res
         ..\tmp\explosion\Debug\explosion.obj
         ..\tmp\explosion\Debug\app.obj
         ..\tmp\explosion\Debug\timing.obj
         ..\tmp\explosion\Debug\main1.obj
         "C:\Users\Danny van der Mast\Documents\School\BU\Advanced Physics\Practicum\cyclone-physics-master\cyclone-physics-master\lib\cyclone_d.lib"
       Manifest:
         Deleting file "..\tmp\explosion\Debug\demo_explosion.exe.embed.manifest".
         C:\Program Files (x86)\Microsoft SDKs\Windows\v7.0A\bin\mt.exe /nologo /verbose /out:"..\tmp\explosion\Debug\demo_explosion.exe.embed.manifest" /manifest ..\tmp\explosion\Debug\demo_explosion.exe.intermediate.manifest
         C:\Program Files (x86)\Microsoft SDKs\Windows\v7.0A\bin\rc.exe /nologo /fo"..\tmp\explosion\Debug\demo_explosion.exe.embed.manifest.res" ..\tmp\explosion\Debug\demo_explosion_manifest.rc 
       LinkEmbedManifest:
         C:\Program Files (x86)\Microsoft Visual Studio 10.0\VC\bin\link.exe /ERRORREPORT:PROMPT /OUT:"..\bin\explosion_d.exe" /INCREMENTAL /NOLOGO /LIBPATH:../lib cyclone_d.lib opengl32.lib glu32.lib glut32.lib winmm.lib kernel32.lib user32.lib gdi32.lib winspool.lib comdlg32.lib advapi32.lib shell32.lib ole32.lib oleaut32.lib uuid.lib odbc32.lib odbccp32.lib /MANIFEST /ManifestFile:"..\tmp\explosion\Debug\demo_explosion.exe.intermediate.manifest" /MANIFESTUAC:"level='asInvoker' uiAccess='false'" /DEBUG /PDB:"..\tmp\explosion\Debug/explosion.pdb" /SUBSYSTEM:CONSOLE /TLBID:1 /DYNAMICBASE /NXCOMPAT /IMPLIB:"..\bin\demo_explosion.lib" /MACHINE:X86 ..\tmp\explosion\Debug\demo_explosion.exe.embed.manifest.res
         ..\tmp\explosion\Debug\explosion.obj
         ..\tmp\explosion\Debug\app.obj
         ..\tmp\explosion\Debug\timing.obj
         ..\tmp\explosion\Debug\main1.obj
         "C:\Users\Danny van der Mast\Documents\School\BU\Advanced Physics\Practicum\cyclone-physics-master\cyclone-physics-master\lib\cyclone_d.lib"
         demo_explosion_vc8.vcxproj -> C:\Users\Danny van der Mast\Documents\School\BU\Advanced Physics\Practicum\cyclone-physics-master\cyclone-physics-master\build\..\bin\demo_explosion.exe
       FinalizeBuildStatus:
         Deleting file "..\tmp\explosion\Debug\demo_explosion.unsuccessfulbuild".
         Touching "..\tmp\explosion\Debug\demo_explosion.lastbuildstate".
     1>Done Building Project "C:\Users\Danny van der Mast\Documents\School\BU\Advanced Physics\Practicum\cyclone-physics-master\cyclone-physics-master\build\demo_explosion_vc8.vcxproj" (rebuild target(s)).

Build succeeded.

Time Elapsed 00:00:06.52
