Build started 2/18/2013 12:13:33 PM.
     1>Project "C:\Users\Danny van der Mast\Documents\School\BU\Advanced Physics\Practicum\teamgjd\cyclone-physics-master\build\cyclone_vc8.vcxproj" on node 2 (build target(s)).
     1>InitializeBuildStatus:
         Creating ".\tmp\Debug\cyclone.unsuccessfulbuild" because "AlwaysCreate" was specified.
       ClCompile:
         C:\Program Files (x86)\Microsoft Visual Studio 10.0\VC\bin\CL.exe /c /I..\include /ZI /nologo /W3 /WX- /Od /Oy- /D WIN32 /D _DEBUG /D _LIB /D _VC80_UPGRADE=0x0710 /D _MBCS /Gm- /EHsc /RTC1 /MTd /GS /fp:precise /Zc:wchar_t /Zc:forScope /Fo".\tmp\Debug/" /Fd".\tmp\Debug/vc100.pdb" /FR".\tmp\Debug\\" /Gd /TP /analyze- /errorReport:prompt ..\src\body.cpp ..\src\collide_coarse.cpp ..\src\collide_fine.cpp ..\src\contacts.cpp ..\src\core.cpp ..\src\fgen.cpp ..\src\joints.cpp ..\src\particle.cpp ..\src\pcontacts.cpp ..\src\pfgen.cpp ..\src\plinks.cpp ..\src\pworld.cpp ..\src\random.cpp ..\src\world.cpp
         body.cpp
         collide_coarse.cpp
         collide_fine.cpp
         contacts.cpp
         core.cpp
         fgen.cpp
         joints.cpp
         particle.cpp
         pcontacts.cpp
         pfgen.cpp
         plinks.cpp
         pworld.cpp
         random.cpp
         world.cpp
         Generating Code...
     1>C:\Program Files (x86)\MSBuild\Microsoft.Cpp\v4.0\Microsoft.CppBuild.targets(1151,5): warning MSB8012: TargetPath(C:\Users\Danny van der Mast\Documents\School\BU\Advanced Physics\Practicum\teamgjd\cyclone-physics-master\build\.\..\lib\cyclone.lib) does not match the Library's OutputFile property value (C:\Users\Danny van der Mast\Documents\School\BU\Advanced Physics\Practicum\teamgjd\cyclone-physics-master\lib\cyclone_d.lib). This may cause your project to build incorrectly. To correct this, please make sure that $(OutDir), $(TargetName) and $(TargetExt) property values match the value specified in %(Lib.OutputFile).
     1>C:\Program Files (x86)\MSBuild\Microsoft.Cpp\v4.0\Microsoft.CppBuild.targets(1153,5): warning MSB8012: TargetName(cyclone) does not match the Library's OutputFile property value (cyclone_d). This may cause your project to build incorrectly. To correct this, please make sure that $(OutDir), $(TargetName) and $(TargetExt) property values match the value specified in %(Lib.OutputFile).
       Lib:
         C:\Program Files (x86)\Microsoft Visual Studio 10.0\VC\bin\Lib.exe /OUT:"..\lib\cyclone_d.lib" /NOLOGO .\tmp\Debug/body.obj
         .\tmp\Debug/collide_coarse.obj
         .\tmp\Debug/collide_fine.obj
         .\tmp\Debug/contacts.obj
         .\tmp\Debug/core.obj
         .\tmp\Debug/fgen.obj
         .\tmp\Debug/joints.obj
         .\tmp\Debug/particle.obj
         .\tmp\Debug/pcontacts.obj
         .\tmp\Debug/pfgen.obj
         .\tmp\Debug/plinks.obj
         .\tmp\Debug/pworld.obj
         .\tmp\Debug/random.obj
         .\tmp\Debug/world.obj
         cyclone_vc8.vcxproj -> C:\Users\Danny van der Mast\Documents\School\BU\Advanced Physics\Practicum\teamgjd\cyclone-physics-master\build\.\..\lib\cyclone.lib
       BscMake:
         C:\Program Files (x86)\Microsoft Visual Studio 10.0\VC\bin\bscmake.exe /nologo /o".\..\lib\cyclone.bsc" .\tmp\Debug\body.sbr .\tmp\Debug\collide_coarse.sbr .\tmp\Debug\collide_fine.sbr .\tmp\Debug\contacts.sbr .\tmp\Debug\core.sbr .\tmp\Debug\fgen.sbr .\tmp\Debug\joints.sbr .\tmp\Debug\particle.sbr .\tmp\Debug\pcontacts.sbr .\tmp\Debug\pfgen.sbr .\tmp\Debug\plinks.sbr .\tmp\Debug\pworld.sbr .\tmp\Debug\random.sbr .\tmp\Debug\world.sbr
       FinalizeBuildStatus:
         Deleting file ".\tmp\Debug\cyclone.unsuccessfulbuild".
         Touching ".\tmp\Debug\cyclone.lastbuildstate".
     1>Done Building Project "C:\Users\Danny van der Mast\Documents\School\BU\Advanced Physics\Practicum\teamgjd\cyclone-physics-master\build\cyclone_vc8.vcxproj" (build target(s)).

Build succeeded.

Time Elapsed 00:00:03.96
