.\..\lib\cyclone.bsc
C:\USERS\DANNY VAN DER MAST\DOCUMENTS\SCHOOL\BU\ADVANCED PHYSICS\PRACTICUM\CYCLONE-PHYSICS-MASTER\CYCLONE-PHYSICS-MASTER\BUILD\TMP\DEBUG\BODY.OBJ
C:\USERS\DANNY VAN DER MAST\DOCUMENTS\SCHOOL\BU\ADVANCED PHYSICS\PRACTICUM\CYCLONE-PHYSICS-MASTER\CYCLONE-PHYSICS-MASTER\BUILD\TMP\DEBUG\BODY.SBR
C:\USERS\DANNY VAN DER MAST\DOCUMENTS\SCHOOL\BU\ADVANCED PHYSICS\PRACTICUM\CYCLONE-PHYSICS-MASTER\CYCLONE-PHYSICS-MASTER\BUILD\TMP\DEBUG\COLLIDE_COARSE.OBJ
C:\USERS\DANNY VAN DER MAST\DOCUMENTS\SCHOOL\BU\ADVANCED PHYSICS\PRACTICUM\CYCLONE-PHYSICS-MASTER\CYCLONE-PHYSICS-MASTER\BUILD\TMP\DEBUG\COLLIDE_COARSE.SBR
C:\USERS\DANNY VAN DER MAST\DOCUMENTS\SCHOOL\BU\ADVANCED PHYSICS\PRACTICUM\CYCLONE-PHYSICS-MASTER\CYCLONE-PHYSICS-MASTER\BUILD\TMP\DEBUG\COLLIDE_FINE.OBJ
C:\USERS\DANNY VAN DER MAST\DOCUMENTS\SCHOOL\BU\ADVANCED PHYSICS\PRACTICUM\CYCLONE-PHYSICS-MASTER\CYCLONE-PHYSICS-MASTER\BUILD\TMP\DEBUG\COLLIDE_FINE.SBR
C:\USERS\DANNY VAN DER MAST\DOCUMENTS\SCHOOL\BU\ADVANCED PHYSICS\PRACTICUM\CYCLONE-PHYSICS-MASTER\CYCLONE-PHYSICS-MASTER\BUILD\TMP\DEBUG\CONTACTS.OBJ
C:\USERS\DANNY VAN DER MAST\DOCUMENTS\SCHOOL\BU\ADVANCED PHYSICS\PRACTICUM\CYCLONE-PHYSICS-MASTER\CYCLONE-PHYSICS-MASTER\BUILD\TMP\DEBUG\CONTACTS.SBR
C:\USERS\DANNY VAN DER MAST\DOCUMENTS\SCHOOL\BU\ADVANCED PHYSICS\PRACTICUM\CYCLONE-PHYSICS-MASTER\CYCLONE-PHYSICS-MASTER\BUILD\TMP\DEBUG\CORE.OBJ
C:\USERS\DANNY VAN DER MAST\DOCUMENTS\SCHOOL\BU\ADVANCED PHYSICS\PRACTICUM\CYCLONE-PHYSICS-MASTER\CYCLONE-PHYSICS-MASTER\BUILD\TMP\DEBUG\CORE.SBR
C:\USERS\DANNY VAN DER MAST\DOCUMENTS\SCHOOL\BU\ADVANCED PHYSICS\PRACTICUM\CYCLONE-PHYSICS-MASTER\CYCLONE-PHYSICS-MASTER\BUILD\TMP\DEBUG\FGEN.OBJ
C:\USERS\DANNY VAN DER MAST\DOCUMENTS\SCHOOL\BU\ADVANCED PHYSICS\PRACTICUM\CYCLONE-PHYSICS-MASTER\CYCLONE-PHYSICS-MASTER\BUILD\TMP\DEBUG\FGEN.SBR
C:\USERS\DANNY VAN DER MAST\DOCUMENTS\SCHOOL\BU\ADVANCED PHYSICS\PRACTICUM\CYCLONE-PHYSICS-MASTER\CYCLONE-PHYSICS-MASTER\BUILD\TMP\DEBUG\JOINTS.OBJ
C:\USERS\DANNY VAN DER MAST\DOCUMENTS\SCHOOL\BU\ADVANCED PHYSICS\PRACTICUM\CYCLONE-PHYSICS-MASTER\CYCLONE-PHYSICS-MASTER\BUILD\TMP\DEBUG\JOINTS.SBR
C:\USERS\DANNY VAN DER MAST\DOCUMENTS\SCHOOL\BU\ADVANCED PHYSICS\PRACTICUM\CYCLONE-PHYSICS-MASTER\CYCLONE-PHYSICS-MASTER\BUILD\TMP\DEBUG\PARTICLE.OBJ
C:\USERS\DANNY VAN DER MAST\DOCUMENTS\SCHOOL\BU\ADVANCED PHYSICS\PRACTICUM\CYCLONE-PHYSICS-MASTER\CYCLONE-PHYSICS-MASTER\BUILD\TMP\DEBUG\PARTICLE.SBR
C:\USERS\DANNY VAN DER MAST\DOCUMENTS\SCHOOL\BU\ADVANCED PHYSICS\PRACTICUM\CYCLONE-PHYSICS-MASTER\CYCLONE-PHYSICS-MASTER\BUILD\TMP\DEBUG\PCONTACTS.OBJ
C:\USERS\DANNY VAN DER MAST\DOCUMENTS\SCHOOL\BU\ADVANCED PHYSICS\PRACTICUM\CYCLONE-PHYSICS-MASTER\CYCLONE-PHYSICS-MASTER\BUILD\TMP\DEBUG\PCONTACTS.SBR
C:\USERS\DANNY VAN DER MAST\DOCUMENTS\SCHOOL\BU\ADVANCED PHYSICS\PRACTICUM\CYCLONE-PHYSICS-MASTER\CYCLONE-PHYSICS-MASTER\BUILD\TMP\DEBUG\PFGEN.OBJ
C:\USERS\DANNY VAN DER MAST\DOCUMENTS\SCHOOL\BU\ADVANCED PHYSICS\PRACTICUM\CYCLONE-PHYSICS-MASTER\CYCLONE-PHYSICS-MASTER\BUILD\TMP\DEBUG\PFGEN.SBR
C:\USERS\DANNY VAN DER MAST\DOCUMENTS\SCHOOL\BU\ADVANCED PHYSICS\PRACTICUM\CYCLONE-PHYSICS-MASTER\CYCLONE-PHYSICS-MASTER\BUILD\TMP\DEBUG\PLINKS.OBJ
C:\USERS\DANNY VAN DER MAST\DOCUMENTS\SCHOOL\BU\ADVANCED PHYSICS\PRACTICUM\CYCLONE-PHYSICS-MASTER\CYCLONE-PHYSICS-MASTER\BUILD\TMP\DEBUG\PLINKS.SBR
C:\USERS\DANNY VAN DER MAST\DOCUMENTS\SCHOOL\BU\ADVANCED PHYSICS\PRACTICUM\CYCLONE-PHYSICS-MASTER\CYCLONE-PHYSICS-MASTER\BUILD\TMP\DEBUG\PWORLD.OBJ
C:\USERS\DANNY VAN DER MAST\DOCUMENTS\SCHOOL\BU\ADVANCED PHYSICS\PRACTICUM\CYCLONE-PHYSICS-MASTER\CYCLONE-PHYSICS-MASTER\BUILD\TMP\DEBUG\PWORLD.SBR
C:\USERS\DANNY VAN DER MAST\DOCUMENTS\SCHOOL\BU\ADVANCED PHYSICS\PRACTICUM\CYCLONE-PHYSICS-MASTER\CYCLONE-PHYSICS-MASTER\BUILD\TMP\DEBUG\RANDOM.OBJ
C:\USERS\DANNY VAN DER MAST\DOCUMENTS\SCHOOL\BU\ADVANCED PHYSICS\PRACTICUM\CYCLONE-PHYSICS-MASTER\CYCLONE-PHYSICS-MASTER\BUILD\TMP\DEBUG\RANDOM.SBR
C:\USERS\DANNY VAN DER MAST\DOCUMENTS\SCHOOL\BU\ADVANCED PHYSICS\PRACTICUM\CYCLONE-PHYSICS-MASTER\CYCLONE-PHYSICS-MASTER\BUILD\TMP\DEBUG\VC100.PDB
C:\USERS\DANNY VAN DER MAST\DOCUMENTS\SCHOOL\BU\ADVANCED PHYSICS\PRACTICUM\CYCLONE-PHYSICS-MASTER\CYCLONE-PHYSICS-MASTER\BUILD\TMP\DEBUG\WORLD.OBJ
C:\USERS\DANNY VAN DER MAST\DOCUMENTS\SCHOOL\BU\ADVANCED PHYSICS\PRACTICUM\CYCLONE-PHYSICS-MASTER\CYCLONE-PHYSICS-MASTER\BUILD\TMP\DEBUG\WORLD.SBR
C:\USERS\DANNY VAN DER MAST\DOCUMENTS\SCHOOL\BU\ADVANCED PHYSICS\PRACTICUM\CYCLONE-PHYSICS-MASTER\CYCLONE-PHYSICS-MASTER\LIB\CYCLONE.BSC
C:\USERS\DANNY VAN DER MAST\DOCUMENTS\SCHOOL\BU\ADVANCED PHYSICS\PRACTICUM\CYCLONE-PHYSICS-MASTER\CYCLONE-PHYSICS-MASTER\LIB\CYCLONE_D.LIB
C:\USERS\DANNY VAN DER MAST\DOCUMENTS\SCHOOL\BU\ADVANCED PHYSICS\PRACTICUM\TEAMGJD\CYCLONE-PHYSICS-MASTER\BUILD\TMP\DEBUG\BODY.OBJ
C:\USERS\DANNY VAN DER MAST\DOCUMENTS\SCHOOL\BU\ADVANCED PHYSICS\PRACTICUM\TEAMGJD\CYCLONE-PHYSICS-MASTER\BUILD\TMP\DEBUG\BODY.SBR
C:\Users\Danny van der Mast\Documents\School\BU\Advanced Physics\Practicum\teamgjd\cyclone-physics-master\build\tmp\Debug\BscMake.command.1.tlog
C:\Users\Danny van der Mast\Documents\School\BU\Advanced Physics\Practicum\teamgjd\cyclone-physics-master\build\tmp\Debug\bscmake.read.1.tlog
C:\Users\Danny van der Mast\Documents\School\BU\Advanced Physics\Practicum\teamgjd\cyclone-physics-master\build\tmp\Debug\bscmake.write.1.tlog
C:\Users\Danny van der Mast\Documents\School\BU\Advanced Physics\Practicum\teamgjd\cyclone-physics-master\build\tmp\Debug\cl.command.1.tlog
C:\Users\Danny van der Mast\Documents\School\BU\Advanced Physics\Practicum\teamgjd\cyclone-physics-master\build\tmp\Debug\CL.read.1.tlog
C:\Users\Danny van der Mast\Documents\School\BU\Advanced Physics\Practicum\teamgjd\cyclone-physics-master\build\tmp\Debug\CL.write.1.tlog
C:\USERS\DANNY VAN DER MAST\DOCUMENTS\SCHOOL\BU\ADVANCED PHYSICS\PRACTICUM\TEAMGJD\CYCLONE-PHYSICS-MASTER\BUILD\TMP\DEBUG\COLLIDE_COARSE.OBJ
C:\USERS\DANNY VAN DER MAST\DOCUMENTS\SCHOOL\BU\ADVANCED PHYSICS\PRACTICUM\TEAMGJD\CYCLONE-PHYSICS-MASTER\BUILD\TMP\DEBUG\COLLIDE_COARSE.SBR
C:\USERS\DANNY VAN DER MAST\DOCUMENTS\SCHOOL\BU\ADVANCED PHYSICS\PRACTICUM\TEAMGJD\CYCLONE-PHYSICS-MASTER\BUILD\TMP\DEBUG\COLLIDE_FINE.OBJ
C:\USERS\DANNY VAN DER MAST\DOCUMENTS\SCHOOL\BU\ADVANCED PHYSICS\PRACTICUM\TEAMGJD\CYCLONE-PHYSICS-MASTER\BUILD\TMP\DEBUG\COLLIDE_FINE.SBR
C:\USERS\DANNY VAN DER MAST\DOCUMENTS\SCHOOL\BU\ADVANCED PHYSICS\PRACTICUM\TEAMGJD\CYCLONE-PHYSICS-MASTER\BUILD\TMP\DEBUG\CONTACTS.OBJ
C:\USERS\DANNY VAN DER MAST\DOCUMENTS\SCHOOL\BU\ADVANCED PHYSICS\PRACTICUM\TEAMGJD\CYCLONE-PHYSICS-MASTER\BUILD\TMP\DEBUG\CONTACTS.SBR
C:\USERS\DANNY VAN DER MAST\DOCUMENTS\SCHOOL\BU\ADVANCED PHYSICS\PRACTICUM\TEAMGJD\CYCLONE-PHYSICS-MASTER\BUILD\TMP\DEBUG\CORE.OBJ
C:\USERS\DANNY VAN DER MAST\DOCUMENTS\SCHOOL\BU\ADVANCED PHYSICS\PRACTICUM\TEAMGJD\CYCLONE-PHYSICS-MASTER\BUILD\TMP\DEBUG\CORE.SBR
C:\USERS\DANNY VAN DER MAST\DOCUMENTS\SCHOOL\BU\ADVANCED PHYSICS\PRACTICUM\TEAMGJD\CYCLONE-PHYSICS-MASTER\BUILD\TMP\DEBUG\FGEN.OBJ
C:\USERS\DANNY VAN DER MAST\DOCUMENTS\SCHOOL\BU\ADVANCED PHYSICS\PRACTICUM\TEAMGJD\CYCLONE-PHYSICS-MASTER\BUILD\TMP\DEBUG\FGEN.SBR
C:\USERS\DANNY VAN DER MAST\DOCUMENTS\SCHOOL\BU\ADVANCED PHYSICS\PRACTICUM\TEAMGJD\CYCLONE-PHYSICS-MASTER\BUILD\TMP\DEBUG\JOINTS.OBJ
C:\USERS\DANNY VAN DER MAST\DOCUMENTS\SCHOOL\BU\ADVANCED PHYSICS\PRACTICUM\TEAMGJD\CYCLONE-PHYSICS-MASTER\BUILD\TMP\DEBUG\JOINTS.SBR
C:\Users\Danny van der Mast\Documents\School\BU\Advanced Physics\Practicum\teamgjd\cyclone-physics-master\build\tmp\Debug\lib.command.1.tlog
C:\Users\Danny van der Mast\Documents\School\BU\Advanced Physics\Practicum\teamgjd\cyclone-physics-master\build\tmp\Debug\Lib-link.read.1.tlog
C:\Users\Danny van der Mast\Documents\School\BU\Advanced Physics\Practicum\teamgjd\cyclone-physics-master\build\tmp\Debug\Lib-link.write.1.tlog
C:\USERS\DANNY VAN DER MAST\DOCUMENTS\SCHOOL\BU\ADVANCED PHYSICS\PRACTICUM\TEAMGJD\CYCLONE-PHYSICS-MASTER\BUILD\TMP\DEBUG\PARTICLE.OBJ
C:\USERS\DANNY VAN DER MAST\DOCUMENTS\SCHOOL\BU\ADVANCED PHYSICS\PRACTICUM\TEAMGJD\CYCLONE-PHYSICS-MASTER\BUILD\TMP\DEBUG\PARTICLE.SBR
C:\USERS\DANNY VAN DER MAST\DOCUMENTS\SCHOOL\BU\ADVANCED PHYSICS\PRACTICUM\TEAMGJD\CYCLONE-PHYSICS-MASTER\BUILD\TMP\DEBUG\PCONTACTS.OBJ
C:\USERS\DANNY VAN DER MAST\DOCUMENTS\SCHOOL\BU\ADVANCED PHYSICS\PRACTICUM\TEAMGJD\CYCLONE-PHYSICS-MASTER\BUILD\TMP\DEBUG\PCONTACTS.SBR
C:\USERS\DANNY VAN DER MAST\DOCUMENTS\SCHOOL\BU\ADVANCED PHYSICS\PRACTICUM\TEAMGJD\CYCLONE-PHYSICS-MASTER\BUILD\TMP\DEBUG\PFGEN.OBJ
C:\USERS\DANNY VAN DER MAST\DOCUMENTS\SCHOOL\BU\ADVANCED PHYSICS\PRACTICUM\TEAMGJD\CYCLONE-PHYSICS-MASTER\BUILD\TMP\DEBUG\PFGEN.SBR
C:\USERS\DANNY VAN DER MAST\DOCUMENTS\SCHOOL\BU\ADVANCED PHYSICS\PRACTICUM\TEAMGJD\CYCLONE-PHYSICS-MASTER\BUILD\TMP\DEBUG\PLINKS.OBJ
C:\USERS\DANNY VAN DER MAST\DOCUMENTS\SCHOOL\BU\ADVANCED PHYSICS\PRACTICUM\TEAMGJD\CYCLONE-PHYSICS-MASTER\BUILD\TMP\DEBUG\PLINKS.SBR
C:\USERS\DANNY VAN DER MAST\DOCUMENTS\SCHOOL\BU\ADVANCED PHYSICS\PRACTICUM\TEAMGJD\CYCLONE-PHYSICS-MASTER\BUILD\TMP\DEBUG\PWORLD.OBJ
C:\USERS\DANNY VAN DER MAST\DOCUMENTS\SCHOOL\BU\ADVANCED PHYSICS\PRACTICUM\TEAMGJD\CYCLONE-PHYSICS-MASTER\BUILD\TMP\DEBUG\PWORLD.SBR
C:\USERS\DANNY VAN DER MAST\DOCUMENTS\SCHOOL\BU\ADVANCED PHYSICS\PRACTICUM\TEAMGJD\CYCLONE-PHYSICS-MASTER\BUILD\TMP\DEBUG\RANDOM.OBJ
C:\USERS\DANNY VAN DER MAST\DOCUMENTS\SCHOOL\BU\ADVANCED PHYSICS\PRACTICUM\TEAMGJD\CYCLONE-PHYSICS-MASTER\BUILD\TMP\DEBUG\RANDOM.SBR
C:\Users\Danny van der Mast\Documents\School\BU\Advanced Physics\Practicum\teamgjd\cyclone-physics-master\build\tmp\Debug\vc100.idb
C:\USERS\DANNY VAN DER MAST\DOCUMENTS\SCHOOL\BU\ADVANCED PHYSICS\PRACTICUM\TEAMGJD\CYCLONE-PHYSICS-MASTER\BUILD\TMP\DEBUG\VC100.PDB
C:\USERS\DANNY VAN DER MAST\DOCUMENTS\SCHOOL\BU\ADVANCED PHYSICS\PRACTICUM\TEAMGJD\CYCLONE-PHYSICS-MASTER\BUILD\TMP\DEBUG\WORLD.OBJ
C:\USERS\DANNY VAN DER MAST\DOCUMENTS\SCHOOL\BU\ADVANCED PHYSICS\PRACTICUM\TEAMGJD\CYCLONE-PHYSICS-MASTER\BUILD\TMP\DEBUG\WORLD.SBR
C:\USERS\DANNY VAN DER MAST\DOCUMENTS\SCHOOL\BU\ADVANCED PHYSICS\PRACTICUM\TEAMGJD\CYCLONE-PHYSICS-MASTER\LIB\CYCLONE.BSC
C:\USERS\DANNY VAN DER MAST\DOCUMENTS\SCHOOL\BU\ADVANCED PHYSICS\PRACTICUM\TEAMGJD\CYCLONE-PHYSICS-MASTER\LIB\CYCLONE_D.LIB
