C:\USERS\DANNY VAN DER MAST\DOCUMENTS\SCHOOL\BU\ADVANCED PHYSICS\PRACTICUM\CYCLONE-PHYSICS-MASTER\CYCLONE-PHYSICS-MASTER\BIN\BALLISTIC_D.EXE
C:\USERS\DANNY VAN DER MAST\DOCUMENTS\SCHOOL\BU\ADVANCED PHYSICS\PRACTICUM\CYCLONE-PHYSICS-MASTER\CYCLONE-PHYSICS-MASTER\TMP\BALLISTIC\DEBUG\APP.OBJ
C:\USERS\DANNY VAN DER MAST\DOCUMENTS\SCHOOL\BU\ADVANCED PHYSICS\PRACTICUM\CYCLONE-PHYSICS-MASTER\CYCLONE-PHYSICS-MASTER\TMP\BALLISTIC\DEBUG\BALLISTIC.OBJ
C:\USERS\DANNY VAN DER MAST\DOCUMENTS\SCHOOL\BU\ADVANCED PHYSICS\PRACTICUM\CYCLONE-PHYSICS-MASTER\CYCLONE-PHYSICS-MASTER\TMP\BALLISTIC\DEBUG\BALLISTIC.PDB
C:\Users\Danny van der Mast\Documents\School\BU\Advanced Physics\Practicum\cyclone-physics-master\cyclone-physics-master\tmp\ballistic\Debug\cl.command.1.tlog
C:\Users\Danny van der Mast\Documents\School\BU\Advanced Physics\Practicum\cyclone-physics-master\cyclone-physics-master\tmp\ballistic\Debug\CL.read.1.tlog
C:\Users\Danny van der Mast\Documents\School\BU\Advanced Physics\Practicum\cyclone-physics-master\cyclone-physics-master\tmp\ballistic\Debug\CL.write.1.tlog
C:\USERS\DANNY VAN DER MAST\DOCUMENTS\SCHOOL\BU\ADVANCED PHYSICS\PRACTICUM\CYCLONE-PHYSICS-MASTER\CYCLONE-PHYSICS-MASTER\TMP\BALLISTIC\DEBUG\DEMO_BALLISTIC.EXE.INTERMEDIATE.MANIFEST
C:\Users\Danny van der Mast\Documents\School\BU\Advanced Physics\Practicum\cyclone-physics-master\cyclone-physics-master\tmp\ballistic\Debug\demo_ballistic.write.1.tlog
C:\Users\Danny van der Mast\Documents\School\BU\Advanced Physics\Practicum\cyclone-physics-master\cyclone-physics-master\tmp\ballistic\Debug\link.command.1.tlog
C:\Users\Danny van der Mast\Documents\School\BU\Advanced Physics\Practicum\cyclone-physics-master\cyclone-physics-master\tmp\ballistic\Debug\link.read.1.tlog
C:\Users\Danny van der Mast\Documents\School\BU\Advanced Physics\Practicum\cyclone-physics-master\cyclone-physics-master\tmp\ballistic\Debug\link.write.1.tlog
C:\USERS\DANNY VAN DER MAST\DOCUMENTS\SCHOOL\BU\ADVANCED PHYSICS\PRACTICUM\CYCLONE-PHYSICS-MASTER\CYCLONE-PHYSICS-MASTER\TMP\BALLISTIC\DEBUG\MAIN1.OBJ
C:\Users\Danny van der Mast\Documents\School\BU\Advanced Physics\Practicum\cyclone-physics-master\cyclone-physics-master\tmp\ballistic\Debug\mt.command.1.tlog
C:\Users\Danny van der Mast\Documents\School\BU\Advanced Physics\Practicum\cyclone-physics-master\cyclone-physics-master\tmp\ballistic\Debug\mt.read.1.tlog
C:\Users\Danny van der Mast\Documents\School\BU\Advanced Physics\Practicum\cyclone-physics-master\cyclone-physics-master\tmp\ballistic\Debug\mt.write.1.tlog
C:\Users\Danny van der Mast\Documents\School\BU\Advanced Physics\Practicum\cyclone-physics-master\cyclone-physics-master\tmp\ballistic\Debug\ResolveAssemblyReference.cache
C:\USERS\DANNY VAN DER MAST\DOCUMENTS\SCHOOL\BU\ADVANCED PHYSICS\PRACTICUM\CYCLONE-PHYSICS-MASTER\CYCLONE-PHYSICS-MASTER\TMP\BALLISTIC\DEBUG\TIMING.OBJ
C:\Users\Danny van der Mast\Documents\School\BU\Advanced Physics\Practicum\cyclone-physics-master\cyclone-physics-master\tmp\ballistic\Debug\vc100.idb
C:\USERS\DANNY VAN DER MAST\DOCUMENTS\SCHOOL\BU\ADVANCED PHYSICS\PRACTICUM\CYCLONE-PHYSICS-MASTER\CYCLONE-PHYSICS-MASTER\TMP\BALLISTIC\DEBUG\VC100.PDB
